<?xml version="1.0" encoding="UTF-8"?>
<!-- Generated by org.testng.reporters.JUnitReportReporter -->
<testsuite hostname="DESKTOP-57KCEQ6" failures="0" tests="1" name="Assignment.TMobile.Filter" time="16.837" errors="0" timestamp="2023-11-28T01:23:56 IST" skipped="0">
  <testcase classname="Assignment.TMobile.Filter" name="test_Filter" time="16.837"/>
  <system-out/>
</testsuite> <!-- Assignment.TMobile.Filter -->
